0 info it worked if it ends with ok
1 verbose cli [ '/usr/local/bin/node',
1 verbose cli   '/usr/local/bin/npm',
1 verbose cli   'install',
1 verbose cli   'word.js' ]
2 info using npm@3.10.8
3 info using node@v6.9.1
4 silly loadCurrentTree Starting
5 silly install loadCurrentTree
6 silly install readLocalPackageData
7 silly fetchPackageMetaData word.js
8 silly fetchOtherPackageData word.js
9 silly cache add args [ 'word.js', null ]
10 verbose cache add spec word.js
11 silly cache add parsed spec Result {
11 silly cache add   raw: 'word.js',
11 silly cache add   scope: null,
11 silly cache add   escapedName: 'word.js',
11 silly cache add   name: null,
11 silly cache add   rawSpec: 'word.js',
11 silly cache add   spec: '/Users/Nicky/Desktop/Bootcamp/My stuff/homework/Node-Hangman/word.js',
11 silly cache add   type: 'local' }
12 silly addLocalTarball shasum (computed) 15fd937c390811f7b5d3a954c7fef170658bfd44
13 verbose addTmpTarball /Users/Nicky/Desktop/Bootcamp/My stuff/homework/Node-Hangman/word.js not in flight; adding
14 verbose correctMkdir /Users/Nicky/.npm correctMkdir not in flight; initializing
15 verbose addTmpTarball validating metadata from /Users/Nicky/Desktop/Bootcamp/My stuff/homework/Node-Hangman/word.js
16 verbose tar unpack /Users/Nicky/Desktop/Bootcamp/My stuff/homework/Node-Hangman/word.js
17 verbose tar unpacking to /var/folders/p7/4mglf42n7dvg1h64_gmq27zw0000gn/T/npm-49392-92f0732d/unpack-d303065f
18 silly gentlyRm /var/folders/p7/4mglf42n7dvg1h64_gmq27zw0000gn/T/npm-49392-92f0732d/unpack-d303065f is being purged
19 verbose gentlyRm don't care about contents; nuking /var/folders/p7/4mglf42n7dvg1h64_gmq27zw0000gn/T/npm-49392-92f0732d/unpack-d303065f
20 silly gunzTarPerm modes [ '755', '644' ]
21 error not a package /Users/Nicky/Desktop/Bootcamp/My stuff/homework/Node-Hangman/word.js
22 error addLocal Could not install /Users/Nicky/Desktop/Bootcamp/My stuff/homework/Node-Hangman/word.js
23 silly fetchPackageMetaData Error: ENOENT: no such file or directory, open '/var/folders/p7/4mglf42n7dvg1h64_gmq27zw0000gn/T/npm-49392-92f0732d/unpack-d303065f/package.json'
23 silly fetchPackageMetaData     at Error (native)
23 silly fetchPackageMetaData  error for word.js { Error: ENOENT: no such file or directory, open '/var/folders/p7/4mglf42n7dvg1h64_gmq27zw0000gn/T/npm-49392-92f0732d/unpack-d303065f/package.json'
23 silly fetchPackageMetaData     at Error (native)
23 silly fetchPackageMetaData   errno: -2,
23 silly fetchPackageMetaData   code: 'ENOENT',
23 silly fetchPackageMetaData   syscall: 'open',
23 silly fetchPackageMetaData   path: '/var/folders/p7/4mglf42n7dvg1h64_gmq27zw0000gn/T/npm-49392-92f0732d/unpack-d303065f/package.json' }
24 silly rollbackFailedOptional Starting
25 silly rollbackFailedOptional Finishing
26 silly runTopLevelLifecycles Finishing
27 silly install printInstalled
28 verbose stack Error: ENOENT: no such file or directory, open '/var/folders/p7/4mglf42n7dvg1h64_gmq27zw0000gn/T/npm-49392-92f0732d/unpack-d303065f/package.json'
28 verbose stack     at Error (native)
29 verbose cwd /Users/Nicky/Desktop/Bootcamp/My stuff/homework/Node-Hangman
30 error Darwin 16.1.0
31 error argv "/usr/local/bin/node" "/usr/local/bin/npm" "install" "word.js"
32 error node v6.9.1
33 error npm  v3.10.8
34 error path /var/folders/p7/4mglf42n7dvg1h64_gmq27zw0000gn/T/npm-49392-92f0732d/unpack-d303065f/package.json
35 error code ENOENT
36 error errno -2
37 error syscall open
38 error enoent ENOENT: no such file or directory, open '/var/folders/p7/4mglf42n7dvg1h64_gmq27zw0000gn/T/npm-49392-92f0732d/unpack-d303065f/package.json'
39 error enoent ENOENT: no such file or directory, open '/var/folders/p7/4mglf42n7dvg1h64_gmq27zw0000gn/T/npm-49392-92f0732d/unpack-d303065f/package.json'
39 error enoent This is most likely not a problem with npm itself
39 error enoent and is related to npm not being able to find a file.
40 verbose exit [ -2, true ]
